[Sat Aug 12 00:24:54 CST 2023] Java version is Sun Microsystems Inc.:1.6.0_45
[Sat Aug 12 00:24:54 CST 2023] Computing canon form for /home/max/ESCTools2/Houdini/./output/gvc/0.78.22.method.sx
[Sat Aug 12 00:24:54 CST 2023] [worker id=0] Creating worker from computer debian
[Sat Aug 12 00:24:54 CST 2023] Done with canon form for 0.78.22.method.sx
[Sat Aug 12 00:24:54 CST 2023] Computing deps for 0.78.22.method.sx
[Sat Aug 12 00:24:55 CST 2023] Done with deps for 0.78.22.method.sx
[Sat Aug 12 00:24:55 CST 2023] Computing canon form for /home/max/ESCTools2/Houdini/./output/gvc/0.2.41.method.sx
[Sat Aug 12 00:24:55 CST 2023] Done with canon form for 0.2.41.method.sx
[Sat Aug 12 00:24:55 CST 2023] Computing deps for 0.2.41.method.sx
[Sat Aug 12 00:24:55 CST 2023] Done with deps for 0.2.41.method.sx
[Sat Aug 12 00:24:55 CST 2023] Writing deps to file
[Sat Aug 12 00:24:55 CST 2023] Done
[Sat Aug 12 00:24:55 CST 2023] Dependencies by HGuard
 G_0.53.31: [0.78.22.method.sx]
 G_0.58.31: [0.78.22.method.sx]
 G_0.73.31: [0.78.22.method.sx]
 G_0.47.31: [0.78.22.method.sx]
 G_0.62.31: [0.78.22.method.sx]
 G_0.67.31: [0.78.22.method.sx]
 G_0.51.31: [0.78.22.method.sx]
 G_0.56.31: [0.78.22.method.sx]
 G_0.71.31: [0.78.22.method.sx]
 G_0.2.34: [0.2.41.method.sx]
 G_0.76.31: [0.78.22.method.sx]
 G_0.45.31: [0.78.22.method.sx]
 G_0.60.31: [0.78.22.method.sx]
 G_0.65.31: [0.78.22.method.sx]
 G_0.54.31: [0.78.22.method.sx]
 G_0.59.31: [0.78.22.method.sx]
 G_0.74.31: [0.78.22.method.sx]
 G_0.48.31: [0.78.22.method.sx]
 G_0.63.31: [0.78.22.method.sx]
 G_0.68.31: [0.78.22.method.sx]
 G_0.3.4: [0.78.22.method.sx]
 G_0.52.31: [0.78.22.method.sx]
 G_0.57.31: [0.78.22.method.sx]
 G_0.72.31: [0.78.22.method.sx]
 G_0.3.41: [0.78.22.method.sx]
 G_0.77.31: [0.78.22.method.sx]
 G_0.46.31: [0.78.22.method.sx]
 G_0.61.31: [0.78.22.method.sx]
 G_0.66.31: [0.78.22.method.sx]
 G_0.50.31: [0.78.22.method.sx]
 G_0.55.31: [0.78.22.method.sx]
 G_0.70.31: [0.78.22.method.sx]
 G_0.49.31: [0.78.22.method.sx]
 G_0.64.31: [0.78.22.method.sx]
 G_4.49.15: [0.2.41.method.sx]
 G_0.69.31: [0.78.22.method.sx]

Dependencies by File
 0.2.41.method.sx: 3    assumes=[G_0.2.34] asserts=[G_0.2.34, G_4.49.15]
 0.78.22.method.sx: 34    assumes=[G_0.45.31, G_0.46.31, G_0.47.31, G_0.48.31, G_0.49.31, G_0.50.31, G_0.51.31, G_0.52.31, G_0.53.31, G_0.54.31, G_0.55.31, G_0.56.31, G_0.57.31, G_0.58.31, G_0.59.31, G_0.60.31, G_0.61.31, G_0.62.31, G_0.63.31, G_0.64.31, G_0.65.31, G_0.66.31, G_0.67.31, G_0.68.31, G_0.69.31, G_0.70.31, G_0.71.31, G_0.72.31, G_0.73.31, G_0.74.31, G_0.76.31, G_0.77.31, G_0.3.4] asserts=[G_0.3.41]

[Sat Aug 12 00:24:55 CST 2023] [worker id=0] Farming out [Job [0.78.22]]
[Sat Aug 12 00:24:55 CST 2023] Running for 3 sec.
[Sat Aug 12 00:24:55 CST 2023] [worker id=0] proved [Job [0.78.22]] in 0, 0, 45, 2, 10, 20, 6
[Sat Aug 12 00:24:55 CST 2023] [worker id=0] completed [Job [0.78.22]] in 85 ms.
[Sat Aug 12 00:24:55 CST 2023] [worker id=0] Farming out [Job [0.2.41]]
[Sat Aug 12 00:24:55 CST 2023] [worker id=0] proved [Job [0.2.41]] in 0, 0, 6, 0, 1, 7, 16
[Sat Aug 12 00:24:55 CST 2023] [worker id=0] completed [Job [0.2.41]] in 32 ms.
[Sat Aug 12 00:24:55 CST 2023] Running for 3 sec.
[Sat Aug 12 00:24:55 CST 2023] End time is Sat Aug 12 00:24:55 CST 2023
[Sat Aug 12 00:24:55 CST 2023] Elapsed time is 0 hour. 0 min. 3 sec.
[Sat Aug 12 00:24:55 CST 2023] [worker id=0] Died
