[Sat Aug 12 00:24:54 CST 2023] [worker id=-1] trying to connect (retry = 0)
[Sat Aug 12 00:24:54 CST 2023] [worker id=-1] trying to connect (retry = 0)
[Sat Aug 12 00:24:54 CST 2023] [worker id=-1] trying to connect (retry = 0)
[Sat Aug 12 00:24:54 CST 2023] [worker id=-1] trying to connect (retry = 0)
[Sat Aug 12 00:24:54 CST 2023] [worker id=-1] trying to connect (retry = 0)
[Sat Aug 12 00:24:54 CST 2023] [worker id=-1] trying to connect (retry = 0)
[Sat Aug 12 00:24:54 CST 2023] [worker id=-1] failed
[Sat Aug 12 00:24:54 CST 2023] [worker id=-1] failed
[Sat Aug 12 00:24:54 CST 2023] [worker id=-1] failed
[Sat Aug 12 00:24:54 CST 2023] [worker id=-1] failed
[Sat Aug 12 00:24:54 CST 2023] [worker id=-1] failed
[Sat Aug 12 00:24:54 CST 2023] [worker id=-1] failed
[Sat Aug 12 00:24:54 CST 2023] [worker id=-1] trying to connect (retry = 0)
[Sat Aug 12 00:24:54 CST 2023] [worker id=-1] failed
[Sat Aug 12 00:24:54 CST 2023] [worker id=-1] trying to connect (retry = 0)
[Sat Aug 12 00:24:54 CST 2023] [worker id=0] got id
[Sat Aug 12 00:24:54 CST 2023] [worker id=0] got vcdir
[Sat Aug 12 00:24:55 CST 2023] [worker id=-1] trying to connect (retry = 1)
[Sat Aug 12 00:24:55 CST 2023] [worker id=-1] trying to connect (retry = 1)
[Sat Aug 12 00:24:55 CST 2023] [worker id=-1] trying to connect (retry = 1)
[Sat Aug 12 00:24:55 CST 2023] [worker id=-1] trying to connect (retry = 1)
[Sat Aug 12 00:24:55 CST 2023] [worker id=-1] trying to connect (retry = 1)
[Sat Aug 12 00:24:55 CST 2023] [worker id=-1] failed
[Sat Aug 12 00:24:55 CST 2023] [worker id=-1] trying to connect (retry = 1)
[Sat Aug 12 00:24:55 CST 2023] [worker id=-1] failed
fail: java.net.SocketException: Connection reset
java.net.SocketException: Connection reset
	at java.net.SocketOutputStream.socketWrite(SocketOutputStream.java:96)
	at java.net.SocketOutputStream.write(SocketOutputStream.java:136)
	at java.io.BufferedOutputStream.flushBuffer(BufferedOutputStream.java:65)
	at java.io.BufferedOutputStream.flush(BufferedOutputStream.java:123)
	at java.io.DataOutputStream.flush(DataOutputStream.java:106)
	at houdini.comsock.SocketSender.writeMessage(SocketSender.java:67)
	at houdini.comsock.SocketSender.sendMessage(SocketSender.java:125)
	at houdini.HoudiniClient.init(HoudiniClient.java:147)
	at houdini.HoudiniClient.frontEndToolProcessing(HoudiniClient.java:455)
	at javafe.FrontEndTool.run(FrontEndTool.java:266)
	at houdini.HoudiniClient.main(HoudiniClient.java:499)
fail: java.net.SocketException: Connection reset
java.net.SocketException: Connection reset
	at java.net.SocketOutputStream.socketWrite(SocketOutputStream.java:96)
	at java.net.SocketOutputStream.write(SocketOutputStream.java:136)
	at java.io.BufferedOutputStream.flushBuffer(BufferedOutputStream.java:65)
	at java.io.BufferedOutputStream.flush(BufferedOutputStream.java:123)
	at java.io.DataOutputStream.flush(DataOutputStream.java:106)
	at houdini.comsock.SocketSender.writeMessage(SocketSender.java:67)
	at houdini.comsock.SocketSender.sendMessage(SocketSender.java:125)
	at houdini.HoudiniClient.init(HoudiniClient.java:147)
	at houdini.HoudiniClient.frontEndToolProcessing(HoudiniClient.java:455)
	at javafe.FrontEndTool.run(FrontEndTool.java:266)
	at houdini.HoudiniClient.main(HoudiniClient.java:499)
[Sat Aug 12 00:24:55 CST 2023] [worker id=-1] trying to connect (retry = 1)
[Sat Aug 12 00:24:55 CST 2023] [worker id=-1] failed
fail: java.net.SocketException: Connection reset
java.net.SocketException: Connection reset
	at java.net.SocketOutputStream.socketWrite(SocketOutputStream.java:96)
	at java.net.SocketOutputStream.write(SocketOutputStream.java:136)
	at java.io.BufferedOutputStream.flushBuffer(BufferedOutputStream.java:65)
	at java.io.BufferedOutputStream.flush(BufferedOutputStream.java:123)
	at java.io.DataOutputStream.flush(DataOutputStream.java:106)
	at houdini.comsock.SocketSender.writeMessage(SocketSender.java:67)
	at houdini.comsock.SocketSender.sendMessage(SocketSender.java:125)
	at houdini.HoudiniClient.init(HoudiniClient.java:147)
	at houdini.HoudiniClient.frontEndToolProcessing(HoudiniClient.java:455)
	at javafe.FrontEndTool.run(FrontEndTool.java:266)
	at houdini.HoudiniClient.main(HoudiniClient.java:499)
[Sat Aug 12 00:24:56 CST 2023] [worker id=-1] trying to connect (retry = 2)
[Sat Aug 12 00:24:56 CST 2023] [worker id=-1] failed
[Sat Aug 12 00:24:56 CST 2023] [worker id=-1] trying to connect (retry = 2)
[Sat Aug 12 00:24:56 CST 2023] [worker id=-1] failed
[Sat Aug 12 00:24:56 CST 2023] [worker id=-1] trying to connect (retry = 2)
[Sat Aug 12 00:24:56 CST 2023] [worker id=-1] failed
[Sat Aug 12 00:24:57 CST 2023] [worker id=-1] trying to connect (retry = 3)
[Sat Aug 12 00:24:57 CST 2023] [worker id=-1] failed
[Sat Aug 12 00:24:57 CST 2023] [worker id=-1] trying to connect (retry = 3)
[Sat Aug 12 00:24:57 CST 2023] [worker id=-1] failed
[Sat Aug 12 00:24:57 CST 2023] [worker id=-1] trying to connect (retry = 3)
[Sat Aug 12 00:24:57 CST 2023] [worker id=-1] failed
[Sat Aug 12 00:24:58 CST 2023] [worker id=-1] trying to connect (retry = 4)
[Sat Aug 12 00:24:58 CST 2023] [worker id=-1] failed
[Sat Aug 12 00:24:58 CST 2023] [worker id=-1] trying to connect (retry = 4)
[Sat Aug 12 00:24:58 CST 2023] [worker id=-1] failed
[Sat Aug 12 00:24:58 CST 2023] [worker id=-1] trying to connect (retry = 4)
[Sat Aug 12 00:24:58 CST 2023] [worker id=-1] failed
[Sat Aug 12 00:24:59 CST 2023] [worker id=-1] trying to connect (retry = 5)
[Sat Aug 12 00:24:59 CST 2023] [worker id=-1] failed
[Sat Aug 12 00:24:59 CST 2023] [worker id=-1] trying to connect (retry = 5)
[Sat Aug 12 00:24:59 CST 2023] [worker id=-1] failed
[Sat Aug 12 00:24:59 CST 2023] [worker id=-1] trying to connect (retry = 5)
[Sat Aug 12 00:24:59 CST 2023] [worker id=-1] failed
[Sat Aug 12 00:25:00 CST 2023] [worker id=-1] trying to connect (retry = 6)
[Sat Aug 12 00:25:00 CST 2023] [worker id=-1] failed
[Sat Aug 12 00:25:00 CST 2023] [worker id=-1] trying to connect (retry = 6)
[Sat Aug 12 00:25:00 CST 2023] [worker id=-1] failed
[Sat Aug 12 00:25:00 CST 2023] [worker id=-1] trying to connect (retry = 6)
[Sat Aug 12 00:25:00 CST 2023] [worker id=-1] failed
[Sat Aug 12 00:25:01 CST 2023] [worker id=-1] trying to connect (retry = 7)
[Sat Aug 12 00:25:01 CST 2023] [worker id=-1] failed
[Sat Aug 12 00:25:01 CST 2023] [worker id=-1] trying to connect (retry = 7)
[Sat Aug 12 00:25:01 CST 2023] [worker id=-1] failed
[Sat Aug 12 00:25:01 CST 2023] [worker id=-1] trying to connect (retry = 7)
[Sat Aug 12 00:25:01 CST 2023] [worker id=-1] failed
[Sat Aug 12 00:25:02 CST 2023] [worker id=-1] trying to connect (retry = 8)
[Sat Aug 12 00:25:02 CST 2023] [worker id=-1] failed
[Sat Aug 12 00:25:02 CST 2023] [worker id=-1] trying to connect (retry = 8)
[Sat Aug 12 00:25:02 CST 2023] [worker id=-1] failed
[Sat Aug 12 00:25:02 CST 2023] [worker id=-1] trying to connect (retry = 8)
[Sat Aug 12 00:25:02 CST 2023] [worker id=-1] failed
[Sat Aug 12 00:25:03 CST 2023] [worker id=-1] trying to connect (retry = 9)
[Sat Aug 12 00:25:03 CST 2023] [worker id=-1] failed
[Sat Aug 12 00:25:03 CST 2023] [worker id=-1] trying to connect (retry = 9)
[Sat Aug 12 00:25:03 CST 2023] [worker id=-1] failed
[Sat Aug 12 00:25:03 CST 2023] [worker id=-1] trying to connect (retry = 9)
[Sat Aug 12 00:25:03 CST 2023] [worker id=-1] failed
fail: Could not connect
fail: java.lang.Throwable
java.lang.Throwable
	at houdini.util.Assert.fail(Assert.java:64)
	at houdini.HoudiniClient.connect(HoudiniClient.java:114)
	at houdini.HoudiniClient.init(HoudiniClient.java:146)
	at houdini.HoudiniClient.frontEndToolProcessing(HoudiniClient.java:455)
	at javafe.FrontEndTool.run(FrontEndTool.java:266)
	at houdini.HoudiniClient.main(HoudiniClient.java:499)
fail: Could not connect
fail: java.lang.Throwable
java.lang.Throwable
	at houdini.util.Assert.fail(Assert.java:64)
	at houdini.HoudiniClient.connect(HoudiniClient.java:114)
	at houdini.HoudiniClient.init(HoudiniClient.java:146)
	at houdini.HoudiniClient.frontEndToolProcessing(HoudiniClient.java:455)
	at javafe.FrontEndTool.run(FrontEndTool.java:266)
	at houdini.HoudiniClient.main(HoudiniClient.java:499)
fail: Could not connect
fail: java.lang.Throwable
java.lang.Throwable
	at houdini.util.Assert.fail(Assert.java:64)
	at houdini.HoudiniClient.connect(HoudiniClient.java:114)
	at houdini.HoudiniClient.init(HoudiniClient.java:146)
	at houdini.HoudiniClient.frontEndToolProcessing(HoudiniClient.java:455)
	at javafe.FrontEndTool.run(FrontEndTool.java:266)
	at houdini.HoudiniClient.main(HoudiniClient.java:499)
