##########################################################
Houdini version 3, April 2001
Sat 12 Aug 2023 12:24:44 AM CST: Start
Command-line arguments: -outdir ./output ./testcases/AddLoop/AddLoop.java
The machine is: debian
Environment variables: JAVAFE_ROOT=/home/max/ESCTools2/Houdini/../Javafe JAVA=java HOUDINI_ROOT=/home/max/ESCTools2/Houdini/../Houdini JAVA_PATH=/usr/jdk1.6.0_45/bin/
Sat 12 Aug 2023 12:24:44 AM CST: Copying files...
[outdir is /home/max/ESCTools2/Houdini/./output/src-original]
./testcases/AddLoop/AddLoop.java: Caution: Using given file as the .java file, even though it is not the java file for AddLoop on the classpath
[copying source file ./testcases/AddLoop/AddLoop.java to /home/max/ESCTools2/Houdini/./output/src-original/AddLoop.java]

AddLoop ...
[making /home/max/ESCTools2/Houdini/./output/src-original/java]
[making /home/max/ESCTools2/Houdini/./output/src-original/java/lang]
[copying source file /home/max/ESCTools2/Houdini/../Houdini/../specs-java1.6/java/lang/Object.spec to /home/max/ESCTools2/Houdini/./output/src-original/java/lang/Object.spec]
[copying source file /home/max/ESCTools2/Houdini/../Houdini/../specs-java1.6/java/lang/Exception.spec to /home/max/ESCTools2/Houdini/./output/src-original/java/lang/Exception.spec]
[copying source file /home/max/ESCTools2/Houdini/../Houdini/../specs-java1.6/java/lang/Throwable.jml to /home/max/ESCTools2/Houdini/./output/src-original/java/lang/Throwable.jml]
[making /home/max/ESCTools2/Houdini/./output/src-original/java/io]
[generating spec file for java.io.Serializable as /home/max/ESCTools2/Houdini/./output/src-original/java/io/Serializable.spec]
[copying source file /home/max/ESCTools2/Houdini/../Houdini/../specs-java1.6/java/lang/Class.jml to /home/max/ESCTools2/Houdini/./output/src-original/java/lang/Class.jml]
[making /home/max/ESCTools2/Houdini/./output/src-original/java/lang/reflect]
[copying source file /home/max/ESCTools2/Houdini/../Houdini/../specs-java1.6/java/lang/reflect/GenericDeclaration.spec to /home/max/ESCTools2/Houdini/./output/src-original/java/lang/reflect/GenericDeclaration.spec]
[copying source file /home/max/ESCTools2/Houdini/../Houdini/../specs-java1.6/java/lang/reflect/Type.spec to /home/max/ESCTools2/Houdini/./output/src-original/java/lang/reflect/Type.spec]
[copying source file /home/max/ESCTools2/Houdini/../Houdini/classfiles/java/lang/reflect/AnnotatedElement.java to /home/max/ESCTools2/Houdini/./output/src-original/java/lang/reflect/AnnotatedElement.java]
[generating spec file for java.lang.CloneNotSupportedException as /home/max/ESCTools2/Houdini/./output/src-original/java/lang/CloneNotSupportedException.spec]
[generating spec file for java.lang.Cloneable as /home/max/ESCTools2/Houdini/./output/src-original/java/lang/Cloneable.spec]
[generating spec file for java.lang.InterruptedException as /home/max/ESCTools2/Houdini/./output/src-original/java/lang/InterruptedException.spec]
[copying source file /home/max/ESCTools2/Houdini/../Houdini/../specs-java1.6/java/lang/IllegalArgumentException.jml to /home/max/ESCTools2/Houdini/./output/src-original/java/lang/IllegalArgumentException.jml]
[copying source file /home/max/ESCTools2/Houdini/../Houdini/../specs-java1.6/java/lang/RuntimeException.jml to /home/max/ESCTools2/Houdini/./output/src-original/java/lang/RuntimeException.jml]

java.lang.reflect.AnnotatedElement ...
1 caution
Sat 12 Aug 2023 12:24:46 AM CST: Create candidate annotation set...
Sat 12 Aug 2023 12:24:48 AM CST: Running Escjava to generate VCs
Calling: /home/max/ESCTools2/Houdini/../Escjava/escj -classpath .::/home/max/ESCTools2/Houdini/../Houdini/classfiles:/home/max/ESCTools2/Houdini/../Escjava/classfiles:/home/max/ESCTools2/Houdini/../Javafe/classfiles:/home/max/ESCTools2/Houdini/../Utils:. -nowarn Null -nowarn ZeroDiv -nowarn ArrayStore -nowarn Cast -nowarn CLeak -nowarn IndexNegative -nowarn IndexTooBig -nowarn ILeak -nowarn Deadlock -nowarn ModExt -nowarn Modifies -nowarn NegSize -nowarn Unenforcable -nowarn Exception -nowarn Writable -verboseTrace -vclimit 2000000 -excuseNullInitializers -noPeepOptGCAssertFalse -loopFallThru -assertContinue -strongAssertPostNever -guardedVC /home/max/ESCTools2/Houdini/./output/gvc -f /home/max/ESCTools2/Houdini/./output/log/progIndirectFiles
Sat 12 Aug 2023 12:24:50 AM CST: Extracting Houdini Annotations
Full extractor output is piped to: /home/max/ESCTools2/Houdini/./output/log/extractor.out
Sat 12 Aug 2023 12:24:50 AM CST: Starting Clients
Sat 12 Aug 2023 12:24:50 AM CST: Starting HoudiniClient
Calling: java -Xmx1000000000 -Dsimplify=/home/max/ESCTools2/Houdini/../Escjava/release/master/bin/Simplify-1.5.4.linux -classpath :/home/max/ESCTools2/Houdini/../Houdini/classfiles:/home/max/ESCTools2/Houdini/../Escjava/classfiles:/home/max/ESCTools2/Houdini/../Javafe/classfiles:/home/max/ESCTools2/Houdini/../Utils:. houdini.HoudiniClient -port 9999 -host localhost -vcdir /home/max/ESCTools2/Houdini/./output/gvc -ubp /home/max/ESCTools2/Houdini/../Escjava/java/escjava/backpred/UnivBackPred.ax -logToFile
Sat 12 Aug 2023 12:24:50 AM CST: Starting HoudiniClient
Calling: java -Xmx1000000000 -Dsimplify=/home/max/ESCTools2/Houdini/../Escjava/release/master/bin/Simplify-1.5.4.linux -classpath :/home/max/ESCTools2/Houdini/../Houdini/classfiles:/home/max/ESCTools2/Houdini/../Escjava/classfiles:/home/max/ESCTools2/Houdini/../Javafe/classfiles:/home/max/ESCTools2/Houdini/../Utils:. houdini.HoudiniClient -port 9999 -host localhost -vcdir /home/max/ESCTools2/Houdini/./output/gvc -ubp /home/max/ESCTools2/Houdini/../Escjava/java/escjava/backpred/UnivBackPred.ax -logToFile
Sat 12 Aug 2023 12:24:50 AM CST: Starting HoudiniClient
Calling: java -Xmx1000000000 -Dsimplify=/home/max/ESCTools2/Houdini/../Escjava/release/master/bin/Simplify-1.5.4.linux -classpath :/home/max/ESCTools2/Houdini/../Houdini/classfiles:/home/max/ESCTools2/Houdini/../Escjava/classfiles:/home/max/ESCTools2/Houdini/../Javafe/classfiles:/home/max/ESCTools2/Houdini/../Utils:. houdini.HoudiniClient -port 9999 -host localhost -vcdir /home/max/ESCTools2/Houdini/./output/gvc -ubp /home/max/ESCTools2/Houdini/../Escjava/java/escjava/backpred/UnivBackPred.ax -logToFile
Sat 12 Aug 2023 12:24:50 AM CST: Starting HoudiniClient
Calling: java -Xmx1000000000 -Dsimplify=/home/max/ESCTools2/Houdini/../Escjava/release/master/bin/Simplify-1.5.4.linux -classpath :/home/max/ESCTools2/Houdini/../Houdini/classfiles:/home/max/ESCTools2/Houdini/../Escjava/classfiles:/home/max/ESCTools2/Houdini/../Javafe/classfiles:/home/max/ESCTools2/Houdini/../Utils:. houdini.HoudiniClient -port 9999 -host localhost -vcdir /home/max/ESCTools2/Houdini/./output/gvc -ubp /home/max/ESCTools2/Houdini/../Escjava/java/escjava/backpred/UnivBackPred.ax -logToFile
Sat 12 Aug 2023 12:24:50 AM CST: Starting HoudiniClient
Calling: java -Xmx1000000000 -Dsimplify=/home/max/ESCTools2/Houdini/../Escjava/release/master/bin/Simplify-1.5.4.linux -classpath :/home/max/ESCTools2/Houdini/../Houdini/classfiles:/home/max/ESCTools2/Houdini/../Escjava/classfiles:/home/max/ESCTools2/Houdini/../Javafe/classfiles:/home/max/ESCTools2/Houdini/../Utils:. houdini.HoudiniClient -port 9999 -host localhost -vcdir /home/max/ESCTools2/Houdini/./output/gvc -ubp /home/max/ESCTools2/Houdini/../Escjava/java/escjava/backpred/UnivBackPred.ax -logToFile
Sat 12 Aug 2023 12:24:50 AM CST: Starting HoudiniClient
Calling: java -Xmx1000000000 -Dsimplify=/home/max/ESCTools2/Houdini/../Escjava/release/master/bin/Simplify-1.5.4.linux -classpath :/home/max/ESCTools2/Houdini/../Houdini/classfiles:/home/max/ESCTools2/Houdini/../Escjava/classfiles:/home/max/ESCTools2/Houdini/../Javafe/classfiles:/home/max/ESCTools2/Houdini/../Utils:. houdini.HoudiniClient -port 9999 -host localhost -vcdir /home/max/ESCTools2/Houdini/./output/gvc -ubp /home/max/ESCTools2/Houdini/../Escjava/java/escjava/backpred/UnivBackPred.ax -logToFile
Sat 12 Aug 2023 12:24:50 AM CST: Starting HoudiniClient
Calling: java -Xmx1000000000 -Dsimplify=/home/max/ESCTools2/Houdini/../Escjava/release/master/bin/Simplify-1.5.4.linux -classpath :/home/max/ESCTools2/Houdini/../Houdini/classfiles:/home/max/ESCTools2/Houdini/../Escjava/classfiles:/home/max/ESCTools2/Houdini/../Javafe/classfiles:/home/max/ESCTools2/Houdini/../Utils:. houdini.HoudiniClient -port 9999 -host localhost -vcdir /home/max/ESCTools2/Houdini/./output/gvc -ubp /home/max/ESCTools2/Houdini/../Escjava/java/escjava/backpred/UnivBackPred.ax -logToFile
Sat 12 Aug 2023 12:24:50 AM CST: Starting HoudiniClient
Calling: java -Xmx1000000000 -Dsimplify=/home/max/ESCTools2/Houdini/../Escjava/release/master/bin/Simplify-1.5.4.linux -classpath :/home/max/ESCTools2/Houdini/../Houdini/classfiles:/home/max/ESCTools2/Houdini/../Escjava/classfiles:/home/max/ESCTools2/Houdini/../Javafe/classfiles:/home/max/ESCTools2/Houdini/../Utils:. houdini.HoudiniClient -port 9999 -host localhost -vcdir /home/max/ESCTools2/Houdini/./output/gvc -ubp /home/max/ESCTools2/Houdini/../Escjava/java/escjava/backpred/UnivBackPred.ax -logToFile
Sat 12 Aug 2023 12:24:50 AM CST: Starting HoudiniServer
Sat 12 Aug 2023 12:24:55 AM CST: Removing refuted annotations
Full remover output is piped to: /home/max/ESCTools2/Houdini/./output/log/remover.out
Sat 12 Aug 2023 12:24:55 AM CST: Final escjava run
Calling: java -classpath :/home/max/ESCTools2/Houdini/../Houdini/classfiles:/home/max/ESCTools2/Houdini/../Escjava/classfiles:/home/max/ESCTools2/Houdini/../Javafe/classfiles:/home/max/ESCTools2/Houdini/../Utils:. houdini.FinalESCRun -hosts /home/max/ESCTools2/Houdini/./output/log/hosts -files /home/max/ESCTools2/Houdini/./output/log/progIndirectFiles -command (echo "not rshing to %1." | cd /home/max/ESCTools2/Houdini/./output/src-annotated; /home/max/ESCTools2/Houdini/../Escjava/escj  -classpath .::/home/max/ESCTools2/Houdini/../Houdini/classfiles:/home/max/ESCTools2/Houdini/../Escjava/classfiles:/home/max/ESCTools2/Houdini/../Javafe/classfiles:/home/max/ESCTools2/Houdini/../Utils:. 		-verboseTrace 	-vclimit 2000000 	-excuseNullInitializers -suggest %2 >> /home/max/ESCTools2/Houdini/./output/log/escjava.final.out.%3)&
[Sat Aug 12 00:24:56 CST 2023] reading hosts file
[Sat Aug 12 00:24:56 CST 2023] making file lists
[Sat Aug 12 00:24:56 CST 2023] generating script
Calling: esc.final.script
Sat 12 Aug 2023 12:25:00 AM CST: Generating /home/max/ESCTools2/Houdini/./output/log/escjava.final.out
Sat 12 Aug 2023 12:25:00 AM CST: Creating HTML output
Calling: TOOL_CLASSPATH=:/home/max/ESCTools2/Houdini/../Houdini/classfiles:/home/max/ESCTools2/Houdini/../Escjava/classfiles:/home/max/ESCTools2/Houdini/../Javafe/classfiles:/home/max/ESCTools2/Houdini/../Utils:. PATH_ARG= -classpath .::/home/max/ESCTools2/Houdini/../Houdini/classfiles:/home/max/ESCTools2/Houdini/../Escjava/classfiles:/home/max/ESCTools2/Houdini/../Javafe/classfiles:/home/max/ESCTools2/Houdini/../Utils:. /home/max/ESCTools2/Houdini/../Javafe/java/tohtml/tool2html /home/max/ESCTools2/Houdini/./output/log/escjava.final.out . ../html @ /home/max/ESCTools2/Houdini/./output/log/progIndirectFiles
./jhoudini: 608: ./jhoudini: /home/max/ESCTools2/Houdini/../Javafe/java/tohtml/tool2html: not found
Sat 12 Aug 2023 12:25:00 AM CST: Done
